23:48:40 - INFO - Application Started
23:49:54 - INFO - Loaded 10 students from JSON. 🟢 Loaded
23:49:57 - INFO - Launching Chrome with remote debugging...
23:49:57 - INFO - Chrome launched. Please log in and navigate to Student Progression page.
23:50:08 - INFO - Checking connection...
23:50:10 - INFO - Connecting to Chrome at http://localhost:9222...
23:50:11 - INFO - Chrome Connected
23:50:11 - INFO - Student Progression Page Detected
23:50:11 - INFO - 🟢 Student Progression Page
23:50:11 - INFO - Scanning current webpage...
23:50:11 - INFO - Students Detected: 10
23:50:11 - INFO - All visible students found in JSON. Ready to start. 🟢
23:50:22 - INFO - Filled PEN 232380911
23:50:22 - INFO - Filled PEN 232380912
23:50:23 - INFO - Filled PEN 232380913
23:50:23 - INFO - Filled PEN 232380914
23:50:23 - INFO - Filled PEN 232380915
23:50:23 - INFO - Filled PEN 232380916
23:50:24 - INFO - Filled PEN 232380917
23:50:24 - INFO - Filled PEN 232380918
23:50:24 - INFO - Filled PEN 232380919
23:50:24 - INFO - Filled PEN 232380920
23:50:24 - INFO - Completed Current Page
23:51:36 - INFO - Chrome Disconnected
